This is pdfTeX, Version 3.1415926-2.3-1.40.12 (MiKTeX 2.9) (preloaded format=latex 2014.7.8)  22 JUL 2014 10:25
entering extended mode
**rotor.tex
(H:\work\anmeng\paper2\rotor\newsub\rotor.tex
LaTeX2e <2011/06/27>
Babel <v3.8m> and hyphenation patterns for loaded.
(D:\CTEX\MiKTeX\tex\latex\revtex4\revtex4.cls
Document Class: revtex4 2001/08/03 v4.0 (http://publish.aps.org/revtex4/ for do
cumentation)
 Copyright (c) 2001 The American Physical Society.
 mailto:revtex@aps.org
 Licensed under the LPPL:
http://www.ctan.org/tex-archive/macros/latex/base/lppl.txt
 Arthur Ogawa <ogawa@teleport.com>
 Based on work by David Carlisle <david@dcarlisle.demon.co.uk>.
ltxutil: portions licensed from W. E. Baxter (web@superscript.com)
Class revtex4 Info: Repairing broken LateX \@sect on input line 596.
\intertabularlinepenalty=\count79
\@tbpen=\count80
\@arstrutbox@hline=\box26
Class revtex4 Info: Repairing broken LaTeX \@xbitor on input line 1610.
ltxgrid: portions licensed from W. E. Baxter (web@superscript.com)
\c@linecount=\count81
\output=\toks14
\@protection@box=\box27
\@topmark@saved=\toks15
\footins@saved=\box28
\pagesofar=\box29
\footbox=\box30
\pagegrid@col=\count82
Class revtex4 Info: Incorporating package {textcase}  [1998/11/12 v0.06 Text on
ly upper/lower case changing (DPC)]. on input line 3682.
(D:\CTEX\MiKTeX\tex\latex\ltxmisc\url.sty
\Urlmuskip=\muskip10
Package: url 2006/04/12  ver 3.3  Verb mode for urls, etc.
)
\c@affil=\count83
\absbox=\box31
\c@part=\count84
\c@section=\count85
\c@subsection=\count86
\c@subsubsection=\count87
\c@paragraph=\count88
\c@subparagraph=\count89
\abovecaptionskip=\skip41
\belowcaptionskip=\skip42
\c@figure=\count90
\c@table=\count91

(D:\CTEX\MiKTeX\tex\latex\natbib\natbib.sty
Package: natbib 2010/09/13 8.31b (PWD, AO)
\bibhang=\skip43
\bibsep=\skip44
LaTeX Info: Redefining \cite on input line 694.
\c@NAT@ctr=\count92
)
\widetext@top=\box32
\widetext@bot=\box33

(D:\CTEX\MiKTeX\tex\latex\revtex4\revsymb.sty
Package: revsymb 2001/08/03 v4.0 (http://publish.aps.org/revtex4/ for documenta
tion)
LaTeX Info: Redefining \REV@mathfrak on input line 118.
))
(D:\CTEX\MiKTeX\tex\latex\revtex4\aps.rtx
File: aps.rtx 2001/08/03 v4.0 (http://publish.aps.org/revtex4/ for documentatio
n)
)
(D:\CTEX\MiKTeX\tex\latex\revtex4\12pt.rtx
File: 12pt.rtx 2001/08/03 v4.0 (http://publish.aps.org/revtex4/ for documentati
on)
)
(D:\CTEX\MiKTeX\tex\latex\ams\math\amsmath.sty
Package: amsmath 2000/07/18 v2.13 AMS math features
\@mathmargin=\skip45

For additional information on amsmath, use the `?' option.
(D:\CTEX\MiKTeX\tex\latex\ams\math\amstext.sty
Package: amstext 2000/06/29 v2.01

(D:\CTEX\MiKTeX\tex\latex\ams\math\amsgen.sty
File: amsgen.sty 1999/11/30 v2.0
\@emptytoks=\toks16
\ex@=\dimen102
))
(D:\CTEX\MiKTeX\tex\latex\ams\math\amsbsy.sty
Package: amsbsy 1999/11/29 v1.2d
\pmbraise@=\dimen103
)
(D:\CTEX\MiKTeX\tex\latex\ams\math\amsopn.sty
Package: amsopn 1999/12/14 v2.01 operator names
)
\inf@bad=\count93
LaTeX Info: Redefining \frac on input line 211.
\uproot@=\count94
\leftroot@=\count95
LaTeX Info: Redefining \overline on input line 307.
\classnum@=\count96
\DOTSCASE@=\count97
LaTeX Info: Redefining \ldots on input line 379.
LaTeX Info: Redefining \dots on input line 382.
LaTeX Info: Redefining \cdots on input line 467.
\Mathstrutbox@=\box34
\strutbox@=\box35
\big@size=\dimen104
LaTeX Font Info:    Redeclaring font encoding OML on input line 567.
LaTeX Font Info:    Redeclaring font encoding OMS on input line 568.
\macc@depth=\count98
\c@MaxMatrixCols=\count99
\dotsspace@=\muskip11
\c@parentequation=\count100
\dspbrk@lvl=\count101
\tag@help=\toks17
\row@=\count102
\column@=\count103
\maxfields@=\count104
\andhelp@=\toks18
\eqnshift@=\dimen105
\alignsep@=\dimen106
\tagshift@=\dimen107
\tagwidth@=\dimen108
\totwidth@=\dimen109
\lineht@=\dimen110
\@envbody=\toks19
\multlinegap=\skip46
\multlinetaggap=\skip47
\mathdisplay@stack=\toks20
LaTeX Info: Redefining \[ on input line 2666.
LaTeX Info: Redefining \] on input line 2667.
)
(D:\CTEX\MiKTeX\tex\latex\graphics\graphicx.sty
Package: graphicx 1999/02/16 v1.0f Enhanced LaTeX Graphics (DPC,SPQR)

(D:\CTEX\MiKTeX\tex\latex\graphics\keyval.sty
Package: keyval 1999/03/16 v1.13 key=value parser (DPC)
\KV@toks@=\toks21
)
(D:\CTEX\MiKTeX\tex\latex\graphics\graphics.sty
Package: graphics 2009/02/05 v1.0o Standard LaTeX Graphics (DPC,SPQR)

(D:\CTEX\MiKTeX\tex\latex\graphics\trig.sty
Package: trig 1999/03/16 v1.09 sin cos tan (DPC)
)
(D:\CTEX\MiKTeX\tex\latex\00miktex\graphics.cfg
File: graphics.cfg 2007/01/18 v1.5 graphics configuration of teTeX/TeXLive
)
Package graphics Info: Driver file: dvips.def on input line 91.

(D:\CTEX\MiKTeX\tex\latex\graphics\dvips.def
File: dvips.def 1999/02/16 v3.0i Driver-dependant file (DPC,SPQR)
))
\Gin@req@height=\dimen111
\Gin@req@width=\dimen112
)
(H:\work\anmeng\paper2\rotor\newsub\rotor.aux)
LaTeX Font Info:    Checking defaults for OML/cmm/m/it on input line 35.
LaTeX Font Info:    ... okay on input line 35.
LaTeX Font Info:    Checking defaults for T1/cmr/m/n on input line 35.
LaTeX Font Info:    ... okay on input line 35.
LaTeX Font Info:    Checking defaults for OT1/cmr/m/n on input line 35.
LaTeX Font Info:    ... okay on input line 35.
LaTeX Font Info:    Checking defaults for OMS/cmsy/m/n on input line 35.
LaTeX Font Info:    ... okay on input line 35.
LaTeX Font Info:    Checking defaults for OMX/cmex/m/n on input line 35.
LaTeX Font Info:    ... okay on input line 35.
LaTeX Font Info:    Checking defaults for U/cmr/m/n on input line 35.
LaTeX Font Info:    ... okay on input line 35.
Class revtex4 Info: Patching LaTeX tabular. on input line 35.
Class revtex4 Info: cite was not loaded (OK!) on input line 35.
Class revtex4 Info: multicol was not loaded (OK!) on input line 35.
 [1] [2] [3]
File: fig1.eps Graphic file (type eps)
 <fig1.eps>
File: fig2a.eps Graphic file (type eps)

<fig2a.eps>
File: fig2b.eps Graphic file (type eps)
 <fig2b.eps>
File: fig3a.eps Graphic file (type eps)
 <fig3a.eps>
File: fig3b.eps Graphic file (type eps)
 <fig3b.eps> [4] [5]
Underfull \hbox (badness 10000) in paragraph at lines 297--309

 []

[6]
File: fig4a.eps Graphic file (type eps)
 <fig4a.eps>
File: fig4b.eps Graphic file (type eps)
 <fig4b.eps>
Underfull \hbox (badness 10000) in paragraph at lines 322--336

 []

File: fig5a.eps Graphic file (type eps)
<fig5a.eps>
File: fig5b.eps Graphic file (type eps)
 <fig5b.eps>
File: fig6a.eps Graphic file (type eps)
 <fig6a.eps>
File: fig6b.eps Graphic file (type eps)
 <fig6b.eps> [7]
File: fig7a.eps Graphic file (type eps)
 <fig7a.eps>
File: fig7b.eps Graphic file (type eps)
 <fig7b.eps>
[8]
File: fig8.eps Graphic file (type eps)
 <fig8.eps> [9]
Underfull \hbox (badness 10000) in paragraph at lines 425--445

 []

[10] [11] [12] (H:\work\anmeng\paper2\rotor\newsub\rotor.aux) ) 
Here is how much of TeX's memory you used:
 2822 strings out of 495355
 33462 string characters out of 3183883
 104619 words of memory out of 3000000
 5998 multiletter control sequences out of 15000+200000
 9802 words of font info for 35 fonts, out of 3000000 for 9000
 14 hyphenation exceptions out of 8191
 28i,9n,24p,468b,336s stack positions out of 5000i,500n,10000p,200000b,50000s

Output written on rotor.dvi (12 pages, 34332 bytes).
